Drill report for SparkFun_USB_RFID_Reader_panelized.kicad_pcb
Created on 2025-01-21T14:59:33-0700

Copper Layer Stackup:
    =============================================================
    L1 :  F.Cu                      front
    L2 :  B.Cu                      back


Drill file 'SparkFun_USB_RFID_Reader_panelized.drl' contains
    plated through holes:
    =============================================================
    T1  0.300mm  0.0118"  (132 holes)
    T2  0.600mm  0.0236"  (48 holes)  (with 48 slots)
    T3  1.016mm  0.0400"  (96 holes)

    Total plated holes count 276


Not plated through holes are merged with plated holes
    unplated through holes:
    =============================================================
    T4  0.650mm  0.0256"  (24 holes)
    T5  0.800mm  0.0315"  (24 holes)
    T6  3.100mm  0.1220"  (48 holes)

    Total unplated holes count 96
